# JRE version: OpenJDK Runtime Environment (8.0_212-b04) (build 1.8.0_212-release-1586-b04)
# Java VM: OpenJDK 64-Bit Server VM (25.212-b04 mixed mode windows-amd64 compressed oops)
Heap:
 PSYoungGen      total 129024K, used 20592K [0x00000000e0000000, 0x00000000e9300000, 0x0000000100000000)
  eden space 122880K, 16% used [0x00000000e0000000,0x00000000e141c2b8,0x00000000e7800000)
  from space 6144K, 0% used [0x00000000e8d00000,0x00000000e8d00000,0x00000000e9300000)
  to   space 12288K, 0% used [0x00000000e7b00000,0x00000000e7b00000,0x00000000e8700000)
 ParOldGen       total 98304K, used 19997K [0x00000000a0000000, 0x00000000a6000000, 0x00000000e0000000)
  object space 98304K, 20% used [0x00000000a0000000,0x00000000a13876a8,0x00000000a6000000)
 Metaspace       used 41719K, capacity 42772K, committed 42880K, reserved 1087488K
  class space    used 5669K, capacity 5914K, committed 6016K, reserved 1048576K
GC Heap History (10 events):
Event: 6.027 GC heap before
{Heap before GC invocations=9 (full 1):
 PSYoungGen      total 77312K, used 73844K [0x00000000e0000000, 0x00000000e7700000, 0x0000000100000000)
  eden space 66048K, 100% used [0x00000000e0000000,0x00000000e4080000,0x00000000e4080000)
  from space 11264K, 69% used [0x00000000e4080000,0x00000000e481d0e0,0x00000000e4b80000)
  to   space 11264K, 0% used [0x00000000e6c00000,0x00000000e6c00000,0x00000000e7700000)
 ParOldGen       total 62976K, used 9509K [0x00000000a0000000, 0x00000000a3d80000, 0x00000000e0000000)
  object space 62976K, 15% used [0x00000000a0000000,0x00000000a09497c0,0x00000000a3d80000)
 Metaspace       used 31865K, capacity 32394K, committed 32768K, reserved 1077248K
  class space    used 4377K, capacity 4536K, committed 4608K, reserved 1048576K
Event: 6.058 GC heap after
Heap after GC invocations=9 (full 1):
 PSYoungGen      total 110592K, used 8344K [0x00000000e0000000, 0x00000000e7800000, 0x0000000100000000)
  eden space 99328K, 0% used [0x00000000e0000000,0x00000000e0000000,0x00000000e6100000)
  from space 11264K, 74% used [0x00000000e6c00000,0x00000000e7426328,0x00000000e7700000)
  to   space 11264K, 0% used [0x00000000e6100000,0x00000000e6100000,0x00000000e6c00000)
 ParOldGen       total 62976K, used 9517K [0x00000000a0000000, 0x00000000a3d80000, 0x00000000e0000000)
  object space 62976K, 15% used [0x00000000a0000000,0x00000000a094b7c0,0x00000000a3d80000)
 Metaspace       used 31865K, capacity 32394K, committed 32768K, reserved 1077248K
  class space    used 4377K, capacity 4536K, committed 4608K, reserved 1048576K
}
Event: 7.389 GC heap before
{Heap before GC invocations=10 (full 1):
 PSYoungGen      total 110592K, used 62752K [0x00000000e0000000, 0x00000000e7800000, 0x0000000100000000)
  eden space 99328K, 54% used [0x00000000e0000000,0x00000000e3521da8,0x00000000e6100000)
  from space 11264K, 74% used [0x00000000e6c00000,0x00000000e7426328,0x00000000e7700000)
  to   space 11264K, 0% used [0x00000000e6100000,0x00000000e6100000,0x00000000e6c00000)
 ParOldGen       total 62976K, used 9517K [0x00000000a0000000, 0x00000000a3d80000, 0x00000000e0000000)
  object space 62976K, 15% used [0x00000000a0000000,0x00000000a094b7c0,0x00000000a3d80000)
 Metaspace       used 34624K, capacity 35392K, committed 35456K, reserved 1079296K
  class space    used 4754K, capacity 4943K, committed 4992K, reserved 1048576K
Event: 7.427 GC heap after
Heap after GC invocations=10 (full 1):
 PSYoungGen      total 110592K, used 10238K [0x00000000e0000000, 0x00000000e9900000, 0x0000000100000000)
  eden space 99328K, 0% used [0x00000000e0000000,0x00000000e0000000,0x00000000e6100000)
  from space 11264K, 90% used [0x00000000e6100000,0x00000000e6aff870,0x00000000e6c00000)
  to   space 12288K, 0% used [0x00000000e8d00000,0x00000000e8d00000,0x00000000e9900000)
 ParOldGen       total 62976K, used 9525K [0x00000000a0000000, 0x00000000a3d80000, 0x00000000e0000000)
  object space 62976K, 15% used [0x00000000a0000000,0x00000000a094d7c0,0x00000000a3d80000)
 Metaspace       used 34624K, capacity 35392K, committed 35456K, reserved 1079296K
  class space    used 4754K, capacity 4943K, committed 4992K, reserved 1048576K
}
Event: 7.427 GC heap before
{Heap before GC invocations=11 (full 2):
 PSYoungGen      total 110592K, used 10238K [0x00000000e0000000, 0x00000000e9900000, 0x0000000100000000)
  eden space 99328K, 0% used [0x00000000e0000000,0x00000000e0000000,0x00000000e6100000)
  from space 11264K, 90% used [0x00000000e6100000,0x00000000e6aff870,0x00000000e6c00000)
  to   space 12288K, 0% used [0x00000000e8d00000,0x00000000e8d00000,0x00000000e9900000)
 ParOldGen       total 62976K, used 9525K [0x00000000a0000000, 0x00000000a3d80000, 0x00000000e0000000)
  object space 62976K, 15% used [0x00000000a0000000,0x00000000a094d7c0,0x00000000a3d80000)
 Metaspace       used 34624K, capacity 35392K, committed 35456K, reserved 1079296K
  class space    used 4754K, capacity 4943K, committed 4992K, reserved 1048576K
Event: 7.581 GC heap after
Heap after GC invocations=11 (full 2):
 PSYoungGen      total 110592K, used 0K [0x00000000e0000000, 0x00000000e9900000, 0x0000000100000000)
  eden space 99328K, 0% used [0x00000000e0000000,0x00000000e0000000,0x00000000e6100000)
  from space 11264K, 0% used [0x00000000e6100000,0x00000000e6100000,0x00000000e6c00000)
  to   space 12288K, 0% used [0x00000000e8d00000,0x00000000e8d00000,0x00000000e9900000)
 ParOldGen       total 98304K, used 17090K [0x00000000a0000000, 0x00000000a6000000, 0x00000000e0000000)
  object space 98304K, 17% used [0x00000000a0000000,0x00000000a10b08b8,0x00000000a6000000)
 Metaspace       used 34624K, capacity 35392K, committed 35456K, reserved 1079296K
  class space    used 4754K, capacity 4943K, committed 4992K, reserved 1048576K
}
Event: 8.469 GC heap before
{Heap before GC invocations=12 (full 2):
 PSYoungGen      total 110592K, used 41060K [0x00000000e0000000, 0x00000000e9900000, 0x0000000100000000)
  eden space 99328K, 41% used [0x00000000e0000000,0x00000000e28192d8,0x00000000e6100000)
  from space 11264K, 0% used [0x00000000e6100000,0x00000000e6100000,0x00000000e6c00000)
  to   space 12288K, 0% used [0x00000000e8d00000,0x00000000e8d00000,0x00000000e9900000)
 ParOldGen       total 98304K, used 17090K [0x00000000a0000000, 0x00000000a6000000, 0x00000000e0000000)
  object space 98304K, 17% used [0x00000000a0000000,0x00000000a10b08b8,0x00000000a6000000)
 Metaspace       used 39990K, capacity 40896K, committed 41088K, reserved 1089536K
  class space    used 5403K, capacity 5642K, committed 5760K, reserved 1048576K
Event: 8.476 GC heap after
Heap after GC invocations=12 (full 2):
 PSYoungGen      total 129024K, used 5777K [0x00000000e0000000, 0x00000000e9300000, 0x0000000100000000)
  eden space 122880K, 0% used [0x00000000e0000000,0x00000000e0000000,0x00000000e7800000)
  from space 6144K, 94% used [0x00000000e8d00000,0x00000000e92a4610,0x00000000e9300000)
  to   space 12288K, 0% used [0x00000000e7b00000,0x00000000e7b00000,0x00000000e8700000)
 ParOldGen       total 98304K, used 17098K [0x00000000a0000000, 0x00000000a6000000, 0x00000000e0000000)
  object space 98304K, 17% used [0x00000000a0000000,0x00000000a10b28b8,0x00000000a6000000)
 Metaspace       used 39990K, capacity 40896K, committed 41088K, reserved 1089536K
  class space    used 5403K, capacity 5642K, committed 5760K, reserved 1048576K
}
Event: 8.476 GC heap before
{Heap before GC invocations=13 (full 3):
 PSYoungGen      total 129024K, used 5777K [0x00000000e0000000, 0x00000000e9300000, 0x0000000100000000)
  eden space 122880K, 0% used [0x00000000e0000000,0x00000000e0000000,0x00000000e7800000)
  from space 6144K, 94% used [0x00000000e8d00000,0x00000000e92a4610,0x00000000e9300000)
  to   space 12288K, 0% used [0x00000000e7b00000,0x00000000e7b00000,0x00000000e8700000)
 ParOldGen       total 98304K, used 17098K [0x00000000a0000000, 0x00000000a6000000, 0x00000000e0000000)
  object space 98304K, 17% used [0x00000000a0000000,0x00000000a10b28b8,0x00000000a6000000)
 Metaspace       used 39990K, capacity 40896K, committed 41088K, reserved 1089536K
  class space    used 5403K, capacity 5642K, committed 5760K, reserved 1048576K
Event: 8.664 GC heap after
Heap after GC invocations=13 (full 3):
 PSYoungGen      total 129024K, used 0K [0x00000000e0000000, 0x00000000e9300000, 0x0000000100000000)
  eden space 122880K, 0% used [0x00000000e0000000,0x00000000e0000000,0x00000000e7800000)
  from space 6144K, 0% used [0x00000000e8d00000,0x00000000e8d00000,0x00000000e9300000)
  to   space 12288K, 0% used [0x00000000e7b00000,0x00000000e7b00000,0x00000000e8700000)
 ParOldGen       total 98304K, used 19997K [0x00000000a0000000, 0x00000000a6000000, 0x00000000e0000000)
  object space 98304K, 20% used [0x00000000a0000000,0x00000000a13876a8,0x00000000a6000000)
 Metaspace       used 39990K, capacity 40896K, committed 41088K, reserved 1087488K
  class space    used 5403K, capacity 5642K, committed 5760K, reserved 1048576K
}

