# JRE version: OpenJDK Runtime Environment (8.0_212-b04) (build 1.8.0_212-release-1586-b04)
# Java VM: OpenJDK 64-Bit Server VM (25.212-b04 mixed mode windows-amd64 compressed oops)
Heap:
 PSYoungGen      total 413696K, used 201193K [0x00000000e0000000, 0x00000000fe500000, 0x0000000100000000)
  eden space 372224K, 54% used [0x00000000e0000000,0x00000000ec47a748,0x00000000f6b80000)
  from space 41472K, 0% used [0x00000000f6b80000,0x00000000f6b80000,0x00000000f9400000)
  to   space 47616K, 0% used [0x00000000fb680000,0x00000000fb680000,0x00000000fe500000)
 ParOldGen       total 377856K, used 183901K [0x00000000a0000000, 0x00000000b7100000, 0x00000000e0000000)
  object space 377856K, 48% used [0x00000000a0000000,0x00000000ab3976e8,0x00000000b7100000)
 Metaspace       used 106225K, capacity 112712K, committed 113048K, reserved 1146880K
  class space    used 13649K, capacity 14913K, committed 15016K, reserved 1048576K
GC Heap History (10 events):
Event: 202.660 GC heap before
{Heap before GC invocations=38 (full 4):
 PSYoungGen      total 349696K, used 308668K [0x00000000e0000000, 0x00000000fa300000, 0x0000000100000000)
  eden space 306176K, 100% used [0x00000000e0000000,0x00000000f2b00000,0x00000000f2b00000)
  from space 43520K, 5% used [0x00000000f2b00000,0x00000000f2d6f300,0x00000000f5580000)
  to   space 42496K, 0% used [0x00000000f7980000,0x00000000f7980000,0x00000000fa300000)
 ParOldGen       total 202752K, used 86315K [0x00000000a0000000, 0x00000000ac600000, 0x00000000e0000000)
  object space 202752K, 42% used [0x00000000a0000000,0x00000000a544ad40,0x00000000ac600000)
 Metaspace       used 100142K, capacity 105024K, committed 105496K, reserved 1140736K
  class space    used 12923K, capacity 13913K, committed 14120K, reserved 1048576K
Event: 202.707 GC heap after
Heap after GC invocations=38 (full 4):
 PSYoungGen      total 381440K, used 23770K [0x00000000e0000000, 0x00000000fa180000, 0x0000000100000000)
  eden space 340480K, 0% used [0x00000000e0000000,0x00000000e0000000,0x00000000f4c80000)
  from space 40960K, 58% used [0x00000000f7980000,0x00000000f90b6b58,0x00000000fa180000)
  to   space 43520K, 0% used [0x00000000f4c80000,0x00000000f4c80000,0x00000000f7700000)
 ParOldGen       total 202752K, used 86677K [0x00000000a0000000, 0x00000000ac600000, 0x00000000e0000000)
  object space 202752K, 42% used [0x00000000a0000000,0x00000000a54a5418,0x00000000ac600000)
 Metaspace       used 100142K, capacity 105024K, committed 105496K, reserved 1140736K
  class space    used 12923K, capacity 13913K, committed 14120K, reserved 1048576K
}
Event: 211.806 GC heap before
{Heap before GC invocations=39 (full 4):
 PSYoungGen      total 381440K, used 364250K [0x00000000e0000000, 0x00000000fa180000, 0x0000000100000000)
  eden space 340480K, 100% used [0x00000000e0000000,0x00000000f4c80000,0x00000000f4c80000)
  from space 40960K, 58% used [0x00000000f7980000,0x00000000f90b6b58,0x00000000fa180000)
  to   space 43520K, 0% used [0x00000000f4c80000,0x00000000f4c80000,0x00000000f7700000)
 ParOldGen       total 202752K, used 86677K [0x00000000a0000000, 0x00000000ac600000, 0x00000000e0000000)
  object space 202752K, 42% used [0x00000000a0000000,0x00000000a54a5418,0x00000000ac600000)
 Metaspace       used 101840K, capacity 106986K, committed 107160K, reserved 1142784K
  class space    used 13100K, capacity 14128K, committed 14248K, reserved 1048576K
Event: 211.916 GC heap after
Heap after GC invocations=39 (full 4):
 PSYoungGen      total 384000K, used 23432K [0x00000000e0000000, 0x00000000fc580000, 0x0000000100000000)
  eden space 340480K, 0% used [0x00000000e0000000,0x00000000e0000000,0x00000000f4c80000)
  from space 43520K, 53% used [0x00000000f4c80000,0x00000000f63620f8,0x00000000f7700000)
  to   space 44544K, 0% used [0x00000000f9a00000,0x00000000f9a00000,0x00000000fc580000)
 ParOldGen       total 202752K, used 86677K [0x00000000a0000000, 0x00000000ac600000, 0x00000000e0000000)
  object space 202752K, 42% used [0x00000000a0000000,0x00000000a54a5418,0x00000000ac600000)
 Metaspace       used 101840K, capacity 106986K, committed 107160K, reserved 1142784K
  class space    used 13100K, capacity 14128K, committed 14248K, reserved 1048576K
}
Event: 216.520 GC heap before
{Heap before GC invocations=40 (full 4):
 PSYoungGen      total 384000K, used 363912K [0x00000000e0000000, 0x00000000fc580000, 0x0000000100000000)
  eden space 340480K, 100% used [0x00000000e0000000,0x00000000f4c80000,0x00000000f4c80000)
  from space 43520K, 53% used [0x00000000f4c80000,0x00000000f63620f8,0x00000000f7700000)
  to   space 44544K, 0% used [0x00000000f9a00000,0x00000000f9a00000,0x00000000fc580000)
 ParOldGen       total 202752K, used 86677K [0x00000000a0000000, 0x00000000ac600000, 0x00000000e0000000)
  object space 202752K, 42% used [0x00000000a0000000,0x00000000a54a5418,0x00000000ac600000)
 Metaspace       used 102265K, capacity 107442K, committed 107672K, reserved 1142784K
  class space    used 13143K, capacity 14204K, committed 14248K, reserved 1048576K
Event: 216.564 GC heap after
Heap after GC invocations=40 (full 4):
 PSYoungGen      total 407552K, used 15231K [0x00000000e0000000, 0x00000000fbc80000, 0x0000000100000000)
  eden space 372224K, 0% used [0x00000000e0000000,0x00000000e0000000,0x00000000f6b80000)
  from space 35328K, 43% used [0x00000000f9a00000,0x00000000fa8dfcf8,0x00000000fbc80000)
  to   space 41472K, 0% used [0x00000000f6b80000,0x00000000f6b80000,0x00000000f9400000)
 ParOldGen       total 202752K, used 86701K [0x00000000a0000000, 0x00000000ac600000, 0x00000000e0000000)
  object space 202752K, 42% used [0x00000000a0000000,0x00000000a54ab418,0x00000000ac600000)
 Metaspace       used 102265K, capacity 107442K, committed 107672K, reserved 1142784K
  class space    used 13143K, capacity 14204K, committed 14248K, reserved 1048576K
}
Event: 286.488 GC heap before
{Heap before GC invocations=41 (full 4):
 PSYoungGen      total 407552K, used 387455K [0x00000000e0000000, 0x00000000fbc80000, 0x0000000100000000)
  eden space 372224K, 100% used [0x00000000e0000000,0x00000000f6b80000,0x00000000f6b80000)
  from space 35328K, 43% used [0x00000000f9a00000,0x00000000fa8dfcf8,0x00000000fbc80000)
  to   space 41472K, 0% used [0x00000000f6b80000,0x00000000f6b80000,0x00000000f9400000)
 ParOldGen       total 202752K, used 86701K [0x00000000a0000000, 0x00000000ac600000, 0x00000000e0000000)
  object space 202752K, 42% used [0x00000000a0000000,0x00000000a54ab418,0x00000000ac600000)
 Metaspace       used 104958K, capacity 110680K, committed 111000K, reserved 1144832K
  class space    used 13499K, capacity 14651K, committed 14760K, reserved 1048576K
Event: 286.609 GC heap after
Heap after GC invocations=41 (full 4):
 PSYoungGen      total 413696K, used 38277K [0x00000000e0000000, 0x00000000fe500000, 0x0000000100000000)
  eden space 372224K, 0% used [0x00000000e0000000,0x00000000e0000000,0x00000000f6b80000)
  from space 41472K, 92% used [0x00000000f6b80000,0x00000000f90e14b0,0x00000000f9400000)
  to   space 47616K, 0% used [0x00000000fb680000,0x00000000fb680000,0x00000000fe500000)
 ParOldGen       total 202752K, used 185254K [0x00000000a0000000, 0x00000000ac600000, 0x00000000e0000000)
  object space 202752K, 91% used [0x00000000a0000000,0x00000000ab4e9838,0x00000000ac600000)
 Metaspace       used 104958K, capacity 110680K, committed 111000K, reserved 1144832K
  class space    used 13499K, capacity 14651K, committed 14760K, reserved 1048576K
}
Event: 286.609 GC heap before
{Heap before GC invocations=42 (full 5):
 PSYoungGen      total 413696K, used 38277K [0x00000000e0000000, 0x00000000fe500000, 0x0000000100000000)
  eden space 372224K, 0% used [0x00000000e0000000,0x00000000e0000000,0x00000000f6b80000)
  from space 41472K, 92% used [0x00000000f6b80000,0x00000000f90e14b0,0x00000000f9400000)
  to   space 47616K, 0% used [0x00000000fb680000,0x00000000fb680000,0x00000000fe500000)
 ParOldGen       total 202752K, used 185254K [0x00000000a0000000, 0x00000000ac600000, 0x00000000e0000000)
  object space 202752K, 91% used [0x00000000a0000000,0x00000000ab4e9838,0x00000000ac600000)
 Metaspace       used 104958K, capacity 110680K, committed 111000K, reserved 1144832K
  class space    used 13499K, capacity 14651K, committed 14760K, reserved 1048576K
Event: 287.004 GC heap after
Heap after GC invocations=42 (full 5):
 PSYoungGen      total 413696K, used 0K [0x00000000e0000000, 0x00000000fe500000, 0x0000000100000000)
  eden space 372224K, 0% used [0x00000000e0000000,0x00000000e0000000,0x00000000f6b80000)
  from space 41472K, 0% used [0x00000000f6b80000,0x00000000f6b80000,0x00000000f9400000)
  to   space 47616K, 0% used [0x00000000fb680000,0x00000000fb680000,0x00000000fe500000)
 ParOldGen       total 377856K, used 183901K [0x00000000a0000000, 0x00000000b7100000, 0x00000000e0000000)
  object space 377856K, 48% used [0x00000000a0000000,0x00000000ab3976e8,0x00000000b7100000)
 Metaspace       used 104953K, capacity 110666K, committed 111000K, reserved 1144832K
  class space    used 13497K, capacity 14648K, committed 14760K, reserved 1048576K
}

