# JRE version: OpenJDK Runtime Environment (8.0_212-b04) (build 1.8.0_212-release-1586-b04)
# Java VM: OpenJDK 64-Bit Server VM (25.212-b04 mixed mode windows-amd64 compressed oops)
Heap:
 PSYoungGen      total 146432K, used 35110K [0x00000000e0000000, 0x00000000ea680000, 0x0000000100000000)
  eden space 132096K, 16% used [0x00000000e0000000,0x00000000e15a9078,0x00000000e8100000)
  from space 14336K, 90% used [0x00000000e8a80000,0x00000000e9720958,0x00000000e9880000)
  to   space 12800K, 0% used [0x00000000e9a00000,0x00000000e9a00000,0x00000000ea680000)
 ParOldGen       total 94208K, used 31641K [0x00000000a0000000, 0x00000000a5c00000, 0x00000000e0000000)
  object space 94208K, 33% used [0x00000000a0000000,0x00000000a1ee64a0,0x00000000a5c00000)
 Metaspace       used 64728K, capacity 66918K, committed 67072K, reserved 1107968K
  class space    used 8896K, capacity 9398K, committed 9472K, reserved 1048576K
GC Heap History (10 events):
Event: 7.741 GC heap before
{Heap before GC invocations=12 (full 2):
 PSYoungGen      total 117248K, used 105472K [0x00000000e0000000, 0x00000000ea680000, 0x0000000100000000)
  eden space 105472K, 100% used [0x00000000e0000000,0x00000000e6700000,0x00000000e6700000)
  from space 11776K, 0% used [0x00000000e6700000,0x00000000e6700000,0x00000000e7280000)
  to   space 12800K, 0% used [0x00000000e9a00000,0x00000000e9a00000,0x00000000ea680000)
 ParOldGen       total 94208K, used 17680K [0x00000000a0000000, 0x00000000a5c00000, 0x00000000e0000000)
  object space 94208K, 18% used [0x00000000a0000000,0x00000000a11441c8,0x00000000a5c00000)
 Metaspace       used 45241K, capacity 46268K, committed 46592K, reserved 1089536K
  class space    used 6073K, capacity 6338K, committed 6400K, reserved 1048576K
Event: 7.769 GC heap after
Heap after GC invocations=12 (full 2):
 PSYoungGen      total 144896K, used 12773K [0x00000000e0000000, 0x00000000ea680000, 0x0000000100000000)
  eden space 132096K, 0% used [0x00000000e0000000,0x00000000e0000000,0x00000000e8100000)
  from space 12800K, 99% used [0x00000000e9a00000,0x00000000ea6796c8,0x00000000ea680000)
  to   space 14336K, 0% used [0x00000000e8a80000,0x00000000e8a80000,0x00000000e9880000)
 ParOldGen       total 94208K, used 18644K [0x00000000a0000000, 0x00000000a5c00000, 0x00000000e0000000)
  object space 94208K, 19% used [0x00000000a0000000,0x00000000a12350e0,0x00000000a5c00000)
 Metaspace       used 45241K, capacity 46268K, committed 46592K, reserved 1089536K
  class space    used 6073K, capacity 6338K, committed 6400K, reserved 1048576K
}
Event: 9.857 GC heap before
{Heap before GC invocations=13 (full 2):
 PSYoungGen      total 144896K, used 144869K [0x00000000e0000000, 0x00000000ea680000, 0x0000000100000000)
  eden space 132096K, 100% used [0x00000000e0000000,0x00000000e8100000,0x00000000e8100000)
  from space 12800K, 99% used [0x00000000e9a00000,0x00000000ea6796c8,0x00000000ea680000)
  to   space 14336K, 0% used [0x00000000e8a80000,0x00000000e8a80000,0x00000000e9880000)
 ParOldGen       total 94208K, used 18644K [0x00000000a0000000, 0x00000000a5c00000, 0x00000000e0000000)
  object space 94208K, 19% used [0x00000000a0000000,0x00000000a12350e0,0x00000000a5c00000)
 Metaspace       used 56046K, capacity 57748K, committed 57856K, reserved 1099776K
  class space    used 7750K, capacity 8153K, committed 8192K, reserved 1048576K
Event: 9.883 GC heap after
Heap after GC invocations=13 (full 2):
 PSYoungGen      total 146432K, used 14329K [0x00000000e0000000, 0x00000000ea680000, 0x0000000100000000)
  eden space 132096K, 0% used [0x00000000e0000000,0x00000000e0000000,0x00000000e8100000)
  from space 14336K, 99% used [0x00000000e8a80000,0x00000000e987e5c8,0x00000000e9880000)
  to   space 12800K, 0% used [0x00000000e9a00000,0x00000000e9a00000,0x00000000ea680000)
 ParOldGen       total 94208K, used 26204K [0x00000000a0000000, 0x00000000a5c00000, 0x00000000e0000000)
  object space 94208K, 27% used [0x00000000a0000000,0x00000000a19971f8,0x00000000a5c00000)
 Metaspace       used 56046K, capacity 57748K, committed 57856K, reserved 1099776K
  class space    used 7750K, capacity 8153K, committed 8192K, reserved 1048576K
}
Event: 10.231 GC heap before
{Heap before GC invocations=14 (full 2):
 PSYoungGen      total 146432K, used 39813K [0x00000000e0000000, 0x00000000ea680000, 0x0000000100000000)
  eden space 132096K, 19% used [0x00000000e0000000,0x00000000e18e2f18,0x00000000e8100000)
  from space 14336K, 99% used [0x00000000e8a80000,0x00000000e987e5c8,0x00000000e9880000)
  to   space 12800K, 0% used [0x00000000e9a00000,0x00000000e9a00000,0x00000000ea680000)
 ParOldGen       total 94208K, used 26204K [0x00000000a0000000, 0x00000000a5c00000, 0x00000000e0000000)
  object space 94208K, 27% used [0x00000000a0000000,0x00000000a19971f8,0x00000000a5c00000)
 Metaspace       used 57186K, capacity 58990K, committed 59136K, reserved 1099776K
  class space    used 7930K, capacity 8352K, committed 8448K, reserved 1048576K
Event: 10.249 GC heap after
Heap after GC invocations=14 (full 2):
 PSYoungGen      total 144896K, used 2668K [0x00000000e0000000, 0x00000000ea680000, 0x0000000100000000)
  eden space 132096K, 0% used [0x00000000e0000000,0x00000000e0000000,0x00000000e8100000)
  from space 12800K, 20% used [0x00000000e9a00000,0x00000000e9c9b060,0x00000000ea680000)
  to   space 14336K, 0% used [0x00000000e8a80000,0x00000000e8a80000,0x00000000e9880000)
 ParOldGen       total 94208K, used 34344K [0x00000000a0000000, 0x00000000a5c00000, 0x00000000e0000000)
  object space 94208K, 36% used [0x00000000a0000000,0x00000000a218a208,0x00000000a5c00000)
 Metaspace       used 57186K, capacity 58990K, committed 59136K, reserved 1099776K
  class space    used 7930K, capacity 8352K, committed 8448K, reserved 1048576K
}
Event: 10.249 GC heap before
{Heap before GC invocations=15 (full 3):
 PSYoungGen      total 144896K, used 2668K [0x00000000e0000000, 0x00000000ea680000, 0x0000000100000000)
  eden space 132096K, 0% used [0x00000000e0000000,0x00000000e0000000,0x00000000e8100000)
  from space 12800K, 20% used [0x00000000e9a00000,0x00000000e9c9b060,0x00000000ea680000)
  to   space 14336K, 0% used [0x00000000e8a80000,0x00000000e8a80000,0x00000000e9880000)
 ParOldGen       total 94208K, used 34344K [0x00000000a0000000, 0x00000000a5c00000, 0x00000000e0000000)
  object space 94208K, 36% used [0x00000000a0000000,0x00000000a218a208,0x00000000a5c00000)
 Metaspace       used 57186K, capacity 58990K, committed 59136K, reserved 1099776K
  class space    used 7930K, capacity 8352K, committed 8448K, reserved 1048576K
Event: 10.529 GC heap after
Heap after GC invocations=15 (full 3):
 PSYoungGen      total 144896K, used 0K [0x00000000e0000000, 0x00000000ea680000, 0x0000000100000000)
  eden space 132096K, 0% used [0x00000000e0000000,0x00000000e0000000,0x00000000e8100000)
  from space 12800K, 0% used [0x00000000e9a00000,0x00000000e9a00000,0x00000000ea680000)
  to   space 14336K, 0% used [0x00000000e8a80000,0x00000000e8a80000,0x00000000e9880000)
 ParOldGen       total 94208K, used 31633K [0x00000000a0000000, 0x00000000a5c00000, 0x00000000e0000000)
  object space 94208K, 33% used [0x00000000a0000000,0x00000000a1ee44a0,0x00000000a5c00000)
 Metaspace       used 57186K, capacity 58990K, committed 59136K, reserved 1099776K
  class space    used 7930K, capacity 8352K, committed 8448K, reserved 1048576K
}
Event: 13.535 GC heap before
{Heap before GC invocations=16 (full 3):
 PSYoungGen      total 144896K, used 132096K [0x00000000e0000000, 0x00000000ea680000, 0x0000000100000000)
  eden space 132096K, 100% used [0x00000000e0000000,0x00000000e8100000,0x00000000e8100000)
  from space 12800K, 0% used [0x00000000e9a00000,0x00000000e9a00000,0x00000000ea680000)
  to   space 14336K, 0% used [0x00000000e8a80000,0x00000000e8a80000,0x00000000e9880000)
 ParOldGen       total 94208K, used 31633K [0x00000000a0000000, 0x00000000a5c00000, 0x00000000e0000000)
  object space 94208K, 33% used [0x00000000a0000000,0x00000000a1ee44a0,0x00000000a5c00000)
 Metaspace       used 64191K, capacity 66310K, committed 66560K, reserved 1105920K
  class space    used 8874K, capacity 9366K, committed 9472K, reserved 1048576K
Event: 13.550 GC heap after
Heap after GC invocations=16 (full 3):
 PSYoungGen      total 146432K, used 12930K [0x00000000e0000000, 0x00000000ea680000, 0x0000000100000000)
  eden space 132096K, 0% used [0x00000000e0000000,0x00000000e0000000,0x00000000e8100000)
  from space 14336K, 90% used [0x00000000e8a80000,0x00000000e9720958,0x00000000e9880000)
  to   space 12800K, 0% used [0x00000000e9a00000,0x00000000e9a00000,0x00000000ea680000)
 ParOldGen       total 94208K, used 31641K [0x00000000a0000000, 0x00000000a5c00000, 0x00000000e0000000)
  object space 94208K, 33% used [0x00000000a0000000,0x00000000a1ee64a0,0x00000000a5c00000)
 Metaspace       used 64191K, capacity 66310K, committed 66560K, reserved 1105920K
  class space    used 8874K, capacity 9366K, committed 9472K, reserved 1048576K
}

