# JRE version: OpenJDK Runtime Environment (8.0_212-b04) (build 1.8.0_212-release-1586-b04)
# Java VM: OpenJDK 64-Bit Server VM (25.212-b04 mixed mode windows-amd64 compressed oops)
Heap:
 PSYoungGen      total 117248K, used 34533K [0x00000000e0000000, 0x00000000ea780000, 0x0000000100000000)
  eden space 105984K, 32% used [0x00000000e0000000,0x00000000e21b9738,0x00000000e6780000)
  from space 11264K, 0% used [0x00000000e6780000,0x00000000e6780000,0x00000000e7280000)
  to   space 12288K, 0% used [0x00000000e9b80000,0x00000000e9b80000,0x00000000ea780000)
 ParOldGen       total 59904K, used 17170K [0x00000000a0000000, 0x00000000a3a80000, 0x00000000e0000000)
  object space 59904K, 28% used [0x00000000a0000000,0x00000000a10c4b78,0x00000000a3a80000)
 Metaspace       used 38989K, capacity 39900K, committed 40192K, reserved 1083392K
  class space    used 5312K, capacity 5546K, committed 5632K, reserved 1048576K
GC Heap History (10 events):
Event: 3.363 GC heap before
{Heap before GC invocations=7 (full 1):
 PSYoungGen      total 76800K, used 8753K [0x00000000e0000000, 0x00000000e5700000, 0x0000000100000000)
  eden space 66048K, 0% used [0x00000000e0000000,0x00000000e0000000,0x00000000e4080000)
  from space 10752K, 81% used [0x00000000e4b80000,0x00000000e540c5f8,0x00000000e5600000)
  to   space 11264K, 0% used [0x00000000e4080000,0x00000000e4080000,0x00000000e4b80000)
 ParOldGen       total 87552K, used 7627K [0x00000000a0000000, 0x00000000a5580000, 0x00000000e0000000)
  object space 87552K, 8% used [0x00000000a0000000,0x00000000a0772d50,0x00000000a5580000)
 Metaspace       used 20646K, capacity 21096K, committed 21296K, reserved 1067008K
  class space    used 2954K, capacity 3106K, committed 3200K, reserved 1048576K
Event: 3.406 GC heap after
Heap after GC invocations=7 (full 1):
 PSYoungGen      total 76800K, used 0K [0x00000000e0000000, 0x00000000e5700000, 0x0000000100000000)
  eden space 66048K, 0% used [0x00000000e0000000,0x00000000e0000000,0x00000000e4080000)
  from space 10752K, 0% used [0x00000000e4b80000,0x00000000e4b80000,0x00000000e5600000)
  to   space 11264K, 0% used [0x00000000e4080000,0x00000000e4080000,0x00000000e4b80000)
 ParOldGen       total 59904K, used 9469K [0x00000000a0000000, 0x00000000a3a80000, 0x00000000e0000000)
  object space 59904K, 15% used [0x00000000a0000000,0x00000000a093f460,0x00000000a3a80000)
 Metaspace       used 20646K, capacity 21096K, committed 21296K, reserved 1067008K
  class space    used 2954K, capacity 3106K, committed 3200K, reserved 1048576K
}
Event: 4.446 GC heap before
{Heap before GC invocations=8 (full 1):
 PSYoungGen      total 76800K, used 66048K [0x00000000e0000000, 0x00000000e5700000, 0x0000000100000000)
  eden space 66048K, 100% used [0x00000000e0000000,0x00000000e4080000,0x00000000e4080000)
  from space 10752K, 0% used [0x00000000e4b80000,0x00000000e4b80000,0x00000000e5600000)
  to   space 11264K, 0% used [0x00000000e4080000,0x00000000e4080000,0x00000000e4b80000)
 ParOldGen       total 59904K, used 9469K [0x00000000a0000000, 0x00000000a3a80000, 0x00000000e0000000)
  object space 59904K, 15% used [0x00000000a0000000,0x00000000a093f480,0x00000000a3a80000)
 Metaspace       used 28754K, capacity 29226K, committed 29440K, reserved 1075200K
  class space    used 3871K, capacity 4016K, committed 4096K, reserved 1048576K
Event: 4.460 GC heap after
Heap after GC invocations=8 (full 1):
 PSYoungGen      total 77312K, used 7863K [0x00000000e0000000, 0x00000000e7d80000, 0x0000000100000000)
  eden space 66048K, 0% used [0x00000000e0000000,0x00000000e0000000,0x00000000e4080000)
  from space 11264K, 69% used [0x00000000e4080000,0x00000000e482de78,0x00000000e4b80000)
  to   space 11264K, 0% used [0x00000000e7280000,0x00000000e7280000,0x00000000e7d80000)
 ParOldGen       total 59904K, used 9477K [0x00000000a0000000, 0x00000000a3a80000, 0x00000000e0000000)
  object space 59904K, 15% used [0x00000000a0000000,0x00000000a0941480,0x00000000a3a80000)
 Metaspace       used 28754K, capacity 29226K, committed 29440K, reserved 1075200K
  class space    used 3871K, capacity 4016K, committed 4096K, reserved 1048576K
}
Event: 5.038 GC heap before
{Heap before GC invocations=9 (full 1):
 PSYoungGen      total 77312K, used 73911K [0x00000000e0000000, 0x00000000e7d80000, 0x0000000100000000)
  eden space 66048K, 100% used [0x00000000e0000000,0x00000000e4080000,0x00000000e4080000)
  from space 11264K, 69% used [0x00000000e4080000,0x00000000e482de78,0x00000000e4b80000)
  to   space 11264K, 0% used [0x00000000e7280000,0x00000000e7280000,0x00000000e7d80000)
 ParOldGen       total 59904K, used 9488K [0x00000000a0000000, 0x00000000a3a80000, 0x00000000e0000000)
  object space 59904K, 15% used [0x00000000a0000000,0x00000000a0944060,0x00000000a3a80000)
 Metaspace       used 31820K, capacity 32290K, committed 32512K, reserved 1077248K
  class space    used 4366K, capacity 4504K, committed 4608K, reserved 1048576K
Event: 5.053 GC heap after
Heap after GC invocations=9 (full 1):
 PSYoungGen      total 117248K, used 8264K [0x00000000e0000000, 0x00000000e7f00000, 0x0000000100000000)
  eden space 105984K, 0% used [0x00000000e0000000,0x00000000e0000000,0x00000000e6780000)
  from space 11264K, 73% used [0x00000000e7280000,0x00000000e7a923f0,0x00000000e7d80000)
  to   space 11264K, 0% used [0x00000000e6780000,0x00000000e6780000,0x00000000e7280000)
 ParOldGen       total 59904K, used 9496K [0x00000000a0000000, 0x00000000a3a80000, 0x00000000e0000000)
  object space 59904K, 15% used [0x00000000a0000000,0x00000000a0946060,0x00000000a3a80000)
 Metaspace       used 31820K, capacity 32290K, committed 32512K, reserved 1077248K
  class space    used 4366K, capacity 4504K, committed 4608K, reserved 1048576K
}
Event: 5.833 GC heap before
{Heap before GC invocations=10 (full 1):
 PSYoungGen      total 117248K, used 65158K [0x00000000e0000000, 0x00000000e7f00000, 0x0000000100000000)
  eden space 105984K, 53% used [0x00000000e0000000,0x00000000e378f800,0x00000000e6780000)
  from space 11264K, 73% used [0x00000000e7280000,0x00000000e7a923f0,0x00000000e7d80000)
  to   space 11264K, 0% used [0x00000000e6780000,0x00000000e6780000,0x00000000e7280000)
 ParOldGen       total 59904K, used 9496K [0x00000000a0000000, 0x00000000a3a80000, 0x00000000e0000000)
  object space 59904K, 15% used [0x00000000a0000000,0x00000000a0946060,0x00000000a3a80000)
 Metaspace       used 34604K, capacity 35396K, committed 35456K, reserved 1079296K
  class space    used 4757K, capacity 4945K, committed 4992K, reserved 1048576K
Event: 5.854 GC heap after
Heap after GC invocations=10 (full 1):
 PSYoungGen      total 117248K, used 10340K [0x00000000e0000000, 0x00000000ea780000, 0x0000000100000000)
  eden space 105984K, 0% used [0x00000000e0000000,0x00000000e0000000,0x00000000e6780000)
  from space 11264K, 91% used [0x00000000e6780000,0x00000000e7199048,0x00000000e7280000)
  to   space 12288K, 0% used [0x00000000e9b80000,0x00000000e9b80000,0x00000000ea780000)
 ParOldGen       total 59904K, used 9504K [0x00000000a0000000, 0x00000000a3a80000, 0x00000000e0000000)
  object space 59904K, 15% used [0x00000000a0000000,0x00000000a0948060,0x00000000a3a80000)
 Metaspace       used 34604K, capacity 35396K, committed 35456K, reserved 1079296K
  class space    used 4757K, capacity 4945K, committed 4992K, reserved 1048576K
}
Event: 5.854 GC heap before
{Heap before GC invocations=11 (full 2):
 PSYoungGen      total 117248K, used 10340K [0x00000000e0000000, 0x00000000ea780000, 0x0000000100000000)
  eden space 105984K, 0% used [0x00000000e0000000,0x00000000e0000000,0x00000000e6780000)
  from space 11264K, 91% used [0x00000000e6780000,0x00000000e7199048,0x00000000e7280000)
  to   space 12288K, 0% used [0x00000000e9b80000,0x00000000e9b80000,0x00000000ea780000)
 ParOldGen       total 59904K, used 9504K [0x00000000a0000000, 0x00000000a3a80000, 0x00000000e0000000)
  object space 59904K, 15% used [0x00000000a0000000,0x00000000a0948060,0x00000000a3a80000)
 Metaspace       used 34604K, capacity 35396K, committed 35456K, reserved 1079296K
  class space    used 4757K, capacity 4945K, committed 4992K, reserved 1048576K
Event: 5.935 GC heap after
Heap after GC invocations=11 (full 2):
 PSYoungGen      total 117248K, used 0K [0x00000000e0000000, 0x00000000ea780000, 0x0000000100000000)
  eden space 105984K, 0% used [0x00000000e0000000,0x00000000e0000000,0x00000000e6780000)
  from space 11264K, 0% used [0x00000000e6780000,0x00000000e6780000,0x00000000e7280000)
  to   space 12288K, 0% used [0x00000000e9b80000,0x00000000e9b80000,0x00000000ea780000)
 ParOldGen       total 59904K, used 17170K [0x00000000a0000000, 0x00000000a3a80000, 0x00000000e0000000)
  object space 59904K, 28% used [0x00000000a0000000,0x00000000a10c4b78,0x00000000a3a80000)
 Metaspace       used 34604K, capacity 35396K, committed 35456K, reserved 1079296K
  class space    used 4757K, capacity 4945K, committed 4992K, reserved 1048576K
}

