# JRE version: OpenJDK Runtime Environment (8.0_212-b04) (build 1.8.0_212-release-1586-b04)
# Java VM: OpenJDK 64-Bit Server VM (25.212-b04 mixed mode windows-amd64 compressed oops)
Heap:
 PSYoungGen      total 184832K, used 92170K [0x00000000e0000000, 0x00000000ef400000, 0x0000000100000000)
  eden space 171008K, 53% used [0x00000000e0000000,0x00000000e5a02b00,0x00000000ea700000)
  from space 13824K, 0% used [0x00000000eb480000,0x00000000eb480000,0x00000000ec200000)
  to   space 13824K, 0% used [0x00000000ea700000,0x00000000ea700000,0x00000000eb480000)
 ParOldGen       total 64000K, used 15279K [0x00000000a0000000, 0x00000000a3e80000, 0x00000000e0000000)
  object space 64000K, 23% used [0x00000000a0000000,0x00000000a0eebee8,0x00000000a3e80000)
 Metaspace       used 43771K, capacity 44854K, committed 45184K, reserved 1087488K
  class space    used 5915K, capacity 6197K, committed 6272K, reserved 1048576K
GC Heap History (10 events):
Event: 4.177 GC heap before
{Heap before GC invocations=6 (full 1):
 PSYoungGen      total 71680K, used 5104K [0x00000000e0000000, 0x00000000e9c00000, 0x0000000100000000)
  eden space 66560K, 0% used [0x00000000e0000000,0x00000000e0000000,0x00000000e4100000)
  from space 5120K, 99% used [0x00000000e4100000,0x00000000e45fc040,0x00000000e4600000)
  to   space 13312K, 0% used [0x00000000e8f00000,0x00000000e8f00000,0x00000000e9c00000)
 ParOldGen       total 87552K, used 11346K [0x00000000a0000000, 0x00000000a5580000, 0x00000000e0000000)
  object space 87552K, 12% used [0x00000000a0000000,0x00000000a0b14800,0x00000000a5580000)
 Metaspace       used 20640K, capacity 21092K, committed 21296K, reserved 1067008K
  class space    used 2953K, capacity 3106K, committed 3200K, reserved 1048576K
Event: 4.223 GC heap after
Heap after GC invocations=6 (full 1):
 PSYoungGen      total 71680K, used 0K [0x00000000e0000000, 0x00000000e9c00000, 0x0000000100000000)
  eden space 66560K, 0% used [0x00000000e0000000,0x00000000e0000000,0x00000000e4100000)
  from space 5120K, 0% used [0x00000000e4100000,0x00000000e4100000,0x00000000e4600000)
  to   space 13312K, 0% used [0x00000000e8f00000,0x00000000e8f00000,0x00000000e9c00000)
 ParOldGen       total 64000K, used 12091K [0x00000000a0000000, 0x00000000a3e80000, 0x00000000e0000000)
  object space 64000K, 18% used [0x00000000a0000000,0x00000000a0bcef30,0x00000000a3e80000)
 Metaspace       used 20640K, capacity 21092K, committed 21296K, reserved 1067008K
  class space    used 2953K, capacity 3106K, committed 3200K, reserved 1048576K
}
Event: 5.453 GC heap before
{Heap before GC invocations=7 (full 1):
 PSYoungGen      total 71680K, used 66560K [0x00000000e0000000, 0x00000000e9c00000, 0x0000000100000000)
  eden space 66560K, 100% used [0x00000000e0000000,0x00000000e4100000,0x00000000e4100000)
  from space 5120K, 0% used [0x00000000e4100000,0x00000000e4100000,0x00000000e4600000)
  to   space 13312K, 0% used [0x00000000e8f00000,0x00000000e8f00000,0x00000000e9c00000)
 ParOldGen       total 64000K, used 12091K [0x00000000a0000000, 0x00000000a3e80000, 0x00000000e0000000)
  object space 64000K, 18% used [0x00000000a0000000,0x00000000a0bcef30,0x00000000a3e80000)
 Metaspace       used 28838K, capacity 29350K, committed 29696K, reserved 1075200K
  class space    used 3879K, capacity 4016K, committed 4096K, reserved 1048576K
Event: 5.462 GC heap after
Heap after GC invocations=7 (full 1):
 PSYoungGen      total 115200K, used 8035K [0x00000000e0000000, 0x00000000e9700000, 0x0000000100000000)
  eden space 107008K, 0% used [0x00000000e0000000,0x00000000e0000000,0x00000000e6880000)
  from space 8192K, 98% used [0x00000000e8f00000,0x00000000e96d8d18,0x00000000e9700000)
  to   space 12800K, 0% used [0x00000000e7e00000,0x00000000e7e00000,0x00000000e8a80000)
 ParOldGen       total 64000K, used 12099K [0x00000000a0000000, 0x00000000a3e80000, 0x00000000e0000000)
  object space 64000K, 18% used [0x00000000a0000000,0x00000000a0bd0f30,0x00000000a3e80000)
 Metaspace       used 28838K, capacity 29350K, committed 29696K, reserved 1075200K
  class space    used 3879K, capacity 4016K, committed 4096K, reserved 1048576K
}
Event: 6.609 GC heap before
{Heap before GC invocations=8 (full 1):
 PSYoungGen      total 115200K, used 115043K [0x00000000e0000000, 0x00000000e9700000, 0x0000000100000000)
  eden space 107008K, 100% used [0x00000000e0000000,0x00000000e6880000,0x00000000e6880000)
  from space 8192K, 98% used [0x00000000e8f00000,0x00000000e96d8d18,0x00000000e9700000)
  to   space 12800K, 0% used [0x00000000e7e00000,0x00000000e7e00000,0x00000000e8a80000)
 ParOldGen       total 64000K, used 12099K [0x00000000a0000000, 0x00000000a3e80000, 0x00000000e0000000)
  object space 64000K, 18% used [0x00000000a0000000,0x00000000a0bd0f30,0x00000000a3e80000)
 Metaspace       used 34031K, capacity 34772K, committed 34944K, reserved 1079296K
  class space    used 4671K, capacity 4867K, committed 4992K, reserved 1048576K
Event: 6.626 GC heap after
Heap after GC invocations=8 (full 1):
 PSYoungGen      total 141824K, used 11077K [0x00000000e0000000, 0x00000000ec200000, 0x0000000100000000)
  eden space 129024K, 0% used [0x00000000e0000000,0x00000000e0000000,0x00000000e7e00000)
  from space 12800K, 86% used [0x00000000e7e00000,0x00000000e88d1578,0x00000000e8a80000)
  to   space 13824K, 0% used [0x00000000eb480000,0x00000000eb480000,0x00000000ec200000)
 ParOldGen       total 64000K, used 12107K [0x00000000a0000000, 0x00000000a3e80000, 0x00000000e0000000)
  object space 64000K, 18% used [0x00000000a0000000,0x00000000a0bd2f30,0x00000000a3e80000)
 Metaspace       used 34031K, capacity 34772K, committed 34944K, reserved 1079296K
  class space    used 4671K, capacity 4867K, committed 4992K, reserved 1048576K
}
Event: 6.975 GC heap before
{Heap before GC invocations=9 (full 1):
 PSYoungGen      total 141824K, used 27494K [0x00000000e0000000, 0x00000000ec200000, 0x0000000100000000)
  eden space 129024K, 12% used [0x00000000e0000000,0x00000000e10085d8,0x00000000e7e00000)
  from space 12800K, 86% used [0x00000000e7e00000,0x00000000e88d1578,0x00000000e8a80000)
  to   space 13824K, 0% used [0x00000000eb480000,0x00000000eb480000,0x00000000ec200000)
 ParOldGen       total 64000K, used 12107K [0x00000000a0000000, 0x00000000a3e80000, 0x00000000e0000000)
  object space 64000K, 18% used [0x00000000a0000000,0x00000000a0bd2f30,0x00000000a3e80000)
 Metaspace       used 34620K, capacity 35358K, committed 35456K, reserved 1079296K
  class space    used 4767K, capacity 4950K, committed 4992K, reserved 1048576K
Event: 6.999 GC heap after
Heap after GC invocations=9 (full 1):
 PSYoungGen      total 184832K, used 8387K [0x00000000e0000000, 0x00000000ef400000, 0x0000000100000000)
  eden space 171008K, 0% used [0x00000000e0000000,0x00000000e0000000,0x00000000ea700000)
  from space 13824K, 60% used [0x00000000eb480000,0x00000000ebcb0e00,0x00000000ec200000)
  to   space 13824K, 0% used [0x00000000ea700000,0x00000000ea700000,0x00000000eb480000)
 ParOldGen       total 64000K, used 12115K [0x00000000a0000000, 0x00000000a3e80000, 0x00000000e0000000)
  object space 64000K, 18% used [0x00000000a0000000,0x00000000a0bd4f30,0x00000000a3e80000)
 Metaspace       used 34620K, capacity 35358K, committed 35456K, reserved 1079296K
  class space    used 4767K, capacity 4950K, committed 4992K, reserved 1048576K
}
Event: 6.999 GC heap before
{Heap before GC invocations=10 (full 2):
 PSYoungGen      total 184832K, used 8387K [0x00000000e0000000, 0x00000000ef400000, 0x0000000100000000)
  eden space 171008K, 0% used [0x00000000e0000000,0x00000000e0000000,0x00000000ea700000)
  from space 13824K, 60% used [0x00000000eb480000,0x00000000ebcb0e00,0x00000000ec200000)
  to   space 13824K, 0% used [0x00000000ea700000,0x00000000ea700000,0x00000000eb480000)
 ParOldGen       total 64000K, used 12115K [0x00000000a0000000, 0x00000000a3e80000, 0x00000000e0000000)
  object space 64000K, 18% used [0x00000000a0000000,0x00000000a0bd4f30,0x00000000a3e80000)
 Metaspace       used 34620K, capacity 35358K, committed 35456K, reserved 1079296K
  class space    used 4767K, capacity 4950K, committed 4992K, reserved 1048576K
Event: 7.129 GC heap after
Heap after GC invocations=10 (full 2):
 PSYoungGen      total 184832K, used 0K [0x00000000e0000000, 0x00000000ef400000, 0x0000000100000000)
  eden space 171008K, 0% used [0x00000000e0000000,0x00000000e0000000,0x00000000ea700000)
  from space 13824K, 0% used [0x00000000eb480000,0x00000000eb480000,0x00000000ec200000)
  to   space 13824K, 0% used [0x00000000ea700000,0x00000000ea700000,0x00000000eb480000)
 ParOldGen       total 64000K, used 15279K [0x00000000a0000000, 0x00000000a3e80000, 0x00000000e0000000)
  object space 64000K, 23% used [0x00000000a0000000,0x00000000a0eebee8,0x00000000a3e80000)
 Metaspace       used 34610K, capacity 35328K, committed 35456K, reserved 1079296K
  class space    used 4765K, capacity 4945K, committed 4992K, reserved 1048576K
}

