# JRE version: OpenJDK Runtime Environment (8.0_212-b04) (build 1.8.0_212-release-1586-b04)
# Java VM: OpenJDK 64-Bit Server VM (25.212-b04 mixed mode windows-amd64 compressed oops)
Heap:
 PSYoungGen      total 187904K, used 640K [0x00000000e0000000, 0x00000000ef500000, 0x0000000100000000)
  eden space 164352K, 0% used [0x00000000e0000000,0x00000000e0000000,0x00000000ea080000)
  from space 23552K, 2% used [0x00000000ede00000,0x00000000edea0000,0x00000000ef500000)
  to   space 18944K, 0% used [0x00000000ea080000,0x00000000ea080000,0x00000000eb300000)
 ParOldGen       total 93696K, used 54931K [0x00000000a0000000, 0x00000000a5b80000, 0x00000000e0000000)
  object space 93696K, 58% used [0x00000000a0000000,0x00000000a35a4d38,0x00000000a5b80000)
 Metaspace       used 66140K, capacity 68280K, committed 68352K, reserved 1107968K
  class space    used 8992K, capacity 9467K, committed 9472K, reserved 1048576K
GC Heap History (10 events):
Event: 9.294 GC heap after
Heap after GC invocations=13 (full 2):
 PSYoungGen      total 150528K, used 14311K [0x00000000e0000000, 0x00000000ec580000, 0x0000000100000000)
  eden space 136192K, 0% used [0x00000000e0000000,0x00000000e0000000,0x00000000e8500000)
  from space 14336K, 99% used [0x00000000e8500000,0x00000000e92f9ef0,0x00000000e9300000)
  to   space 18944K, 0% used [0x00000000eb300000,0x00000000eb300000,0x00000000ec580000)
 ParOldGen       total 93696K, used 25508K [0x00000000a0000000, 0x00000000a5b80000, 0x00000000e0000000)
  object space 93696K, 27% used [0x00000000a0000000,0x00000000a18e9258,0x00000000a5b80000)
 Metaspace       used 55888K, capacity 57602K, committed 57856K, reserved 1099776K
  class space    used 7730K, capacity 8152K, committed 8192K, reserved 1048576K
}
Event: 9.682 GC heap before
{Heap before GC invocations=14 (full 2):
 PSYoungGen      total 150528K, used 42969K [0x00000000e0000000, 0x00000000ec580000, 0x0000000100000000)
  eden space 136192K, 21% used [0x00000000e0000000,0x00000000e1bfc7f8,0x00000000e8500000)
  from space 14336K, 99% used [0x00000000e8500000,0x00000000e92f9ef0,0x00000000e9300000)
  to   space 18944K, 0% used [0x00000000eb300000,0x00000000eb300000,0x00000000ec580000)
 ParOldGen       total 93696K, used 25508K [0x00000000a0000000, 0x00000000a5b80000, 0x00000000e0000000)
  object space 93696K, 27% used [0x00000000a0000000,0x00000000a18e9258,0x00000000a5b80000)
 Metaspace       used 57169K, capacity 58978K, committed 59136K, reserved 1099776K
  class space    used 7931K, capacity 8352K, committed 8448K, reserved 1048576K
Event: 9.710 GC heap after
Heap after GC invocations=14 (full 2):
 PSYoungGen      total 183296K, used 3092K [0x00000000e0000000, 0x00000000ed600000, 0x0000000100000000)
  eden space 164352K, 0% used [0x00000000e0000000,0x00000000e0000000,0x00000000ea080000)
  from space 18944K, 16% used [0x00000000eb300000,0x00000000eb6052a8,0x00000000ec580000)
  to   space 18944K, 0% used [0x00000000ea080000,0x00000000ea080000,0x00000000eb300000)
 ParOldGen       total 93696K, used 33705K [0x00000000a0000000, 0x00000000a5b80000, 0x00000000e0000000)
  object space 93696K, 35% used [0x00000000a0000000,0x00000000a20ea4c8,0x00000000a5b80000)
 Metaspace       used 57169K, capacity 58978K, committed 59136K, reserved 1099776K
  class space    used 7931K, capacity 8352K, committed 8448K, reserved 1048576K
}
Event: 9.710 GC heap before
{Heap before GC invocations=15 (full 3):
 PSYoungGen      total 183296K, used 3092K [0x00000000e0000000, 0x00000000ed600000, 0x0000000100000000)
  eden space 164352K, 0% used [0x00000000e0000000,0x00000000e0000000,0x00000000ea080000)
  from space 18944K, 16% used [0x00000000eb300000,0x00000000eb6052a8,0x00000000ec580000)
  to   space 18944K, 0% used [0x00000000ea080000,0x00000000ea080000,0x00000000eb300000)
 ParOldGen       total 93696K, used 33705K [0x00000000a0000000, 0x00000000a5b80000, 0x00000000e0000000)
  object space 93696K, 35% used [0x00000000a0000000,0x00000000a20ea4c8,0x00000000a5b80000)
 Metaspace       used 57169K, capacity 58978K, committed 59136K, reserved 1099776K
  class space    used 7931K, capacity 8352K, committed 8448K, reserved 1048576K
Event: 9.998 GC heap after
Heap after GC invocations=15 (full 3):
 PSYoungGen      total 183296K, used 0K [0x00000000e0000000, 0x00000000ed600000, 0x0000000100000000)
  eden space 164352K, 0% used [0x00000000e0000000,0x00000000e0000000,0x00000000ea080000)
  from space 18944K, 0% used [0x00000000eb300000,0x00000000eb300000,0x00000000ec580000)
  to   space 18944K, 0% used [0x00000000ea080000,0x00000000ea080000,0x00000000eb300000)
 ParOldGen       total 93696K, used 31703K [0x00000000a0000000, 0x00000000a5b80000, 0x00000000e0000000)
  object space 93696K, 33% used [0x00000000a0000000,0x00000000a1ef5ed8,0x00000000a5b80000)
 Metaspace       used 57169K, capacity 58978K, committed 59136K, reserved 1099776K
  class space    used 7931K, capacity 8352K, committed 8448K, reserved 1048576K
}
Event: 13.386 GC heap before
{Heap before GC invocations=16 (full 3):
 PSYoungGen      total 183296K, used 164352K [0x00000000e0000000, 0x00000000ed600000, 0x0000000100000000)
  eden space 164352K, 100% used [0x00000000e0000000,0x00000000ea080000,0x00000000ea080000)
  from space 18944K, 0% used [0x00000000eb300000,0x00000000eb300000,0x00000000ec580000)
  to   space 18944K, 0% used [0x00000000ea080000,0x00000000ea080000,0x00000000eb300000)
 ParOldGen       total 93696K, used 31703K [0x00000000a0000000, 0x00000000a5b80000, 0x00000000e0000000)
  object space 93696K, 33% used [0x00000000a0000000,0x00000000a1ef5ed8,0x00000000a5b80000)
 Metaspace       used 65442K, capacity 67576K, committed 67584K, reserved 1107968K
  class space    used 8966K, capacity 9467K, committed 9472K, reserved 1048576K
Event: 13.426 GC heap after
Heap after GC invocations=16 (full 3):
 PSYoungGen      total 183296K, used 18931K [0x00000000e0000000, 0x00000000ef500000, 0x0000000100000000)
  eden space 164352K, 0% used [0x00000000e0000000,0x00000000e0000000,0x00000000ea080000)
  from space 18944K, 99% used [0x00000000ea080000,0x00000000eb2fcdf8,0x00000000eb300000)
  to   space 23552K, 0% used [0x00000000ede00000,0x00000000ede00000,0x00000000ef500000)
 ParOldGen       total 93696K, used 36345K [0x00000000a0000000, 0x00000000a5b80000, 0x00000000e0000000)
  object space 93696K, 38% used [0x00000000a0000000,0x00000000a237e778,0x00000000a5b80000)
 Metaspace       used 65442K, capacity 67576K, committed 67584K, reserved 1107968K
  class space    used 8966K, capacity 9467K, committed 9472K, reserved 1048576K
}
Event: 13.938 GC heap before
{Heap before GC invocations=17 (full 3):
 PSYoungGen      total 183296K, used 31473K [0x00000000e0000000, 0x00000000ef500000, 0x0000000100000000)
  eden space 164352K, 7% used [0x00000000e0000000,0x00000000e0c3f6e8,0x00000000ea080000)
  from space 18944K, 99% used [0x00000000ea080000,0x00000000eb2fcdf8,0x00000000eb300000)
  to   space 23552K, 0% used [0x00000000ede00000,0x00000000ede00000,0x00000000ef500000)
 ParOldGen       total 93696K, used 36345K [0x00000000a0000000, 0x00000000a5b80000, 0x00000000e0000000)
  object space 93696K, 38% used [0x00000000a0000000,0x00000000a237e778,0x00000000a5b80000)
 Metaspace       used 66140K, capacity 68280K, committed 68352K, reserved 1107968K
  class space    used 8992K, capacity 9467K, committed 9472K, reserved 1048576K
Event: 13.982 GC heap after
Heap after GC invocations=17 (full 3):
 PSYoungGen      total 187904K, used 640K [0x00000000e0000000, 0x00000000ef500000, 0x0000000100000000)
  eden space 164352K, 0% used [0x00000000e0000000,0x00000000e0000000,0x00000000ea080000)
  from space 23552K, 2% used [0x00000000ede00000,0x00000000edea0000,0x00000000ef500000)
  to   space 18944K, 0% used [0x00000000ea080000,0x00000000ea080000,0x00000000eb300000)
 ParOldGen       total 93696K, used 54931K [0x00000000a0000000, 0x00000000a5b80000, 0x00000000e0000000)
  object space 93696K, 58% used [0x00000000a0000000,0x00000000a35a4d38,0x00000000a5b80000)
 Metaspace       used 66140K, capacity 68280K, committed 68352K, reserved 1107968K
  class space    used 8992K, capacity 9467K, committed 9472K, reserved 1048576K
}
Event: 13.982 GC heap before
{Heap before GC invocations=18 (full 4):
 PSYoungGen      total 187904K, used 640K [0x00000000e0000000, 0x00000000ef500000, 0x0000000100000000)
  eden space 164352K, 0% used [0x00000000e0000000,0x00000000e0000000,0x00000000ea080000)
  from space 23552K, 2% used [0x00000000ede00000,0x00000000edea0000,0x00000000ef500000)
  to   space 18944K, 0% used [0x00000000ea080000,0x00000000ea080000,0x00000000eb300000)
 ParOldGen       total 93696K, used 54931K [0x00000000a0000000, 0x00000000a5b80000, 0x00000000e0000000)
  object space 93696K, 58% used [0x00000000a0000000,0x00000000a35a4d38,0x00000000a5b80000)
 Metaspace       used 66140K, capacity 68280K, committed 68352K, reserved 1107968K
  class space    used 8992K, capacity 9467K, committed 9472K, reserved 1048576K

