# JRE version: OpenJDK Runtime Environment (8.0_212-b04) (build 1.8.0_212-release-1586-b04)
# Java VM: OpenJDK 64-Bit Server VM (25.212-b04 mixed mode windows-amd64 compressed oops)
Heap:
 PSYoungGen      total 110592K, used 5846K [0x00000000e0000000, 0x00000000e9580000, 0x0000000100000000)
  eden space 98816K, 5% used [0x00000000e0000000,0x00000000e05b5968,0x00000000e6080000)
  from space 11776K, 0% used [0x00000000e6080000,0x00000000e6080000,0x00000000e6c00000)
  to   space 12288K, 0% used [0x00000000e8980000,0x00000000e8980000,0x00000000e9580000)
 ParOldGen       total 101376K, used 17205K [0x00000000a0000000, 0x00000000a6300000, 0x00000000e0000000)
  object space 101376K, 16% used [0x00000000a0000000,0x00000000a10cd770,0x00000000a6300000)
 Metaspace       used 34642K, capacity 35476K, committed 35712K, reserved 1079296K
  class space    used 4771K, capacity 4949K, committed 4992K, reserved 1048576K
GC Heap History (10 events):
Event: 3.763 GC heap before
{Heap before GC invocations=7 (full 1):
 PSYoungGen      total 76800K, used 8823K [0x00000000e0000000, 0x00000000e5700000, 0x0000000100000000)
  eden space 66048K, 0% used [0x00000000e0000000,0x00000000e0000000,0x00000000e4080000)
  from space 10752K, 82% used [0x00000000e4b80000,0x00000000e541dcf8,0x00000000e5600000)
  to   space 11264K, 0% used [0x00000000e4080000,0x00000000e4080000,0x00000000e4b80000)
 ParOldGen       total 87552K, used 7649K [0x00000000a0000000, 0x00000000a5580000, 0x00000000e0000000)
  object space 87552K, 8% used [0x00000000a0000000,0x00000000a0778518,0x00000000a5580000)
 Metaspace       used 20641K, capacity 21092K, committed 21296K, reserved 1067008K
  class space    used 2953K, capacity 3106K, committed 3200K, reserved 1048576K
Event: 3.847 GC heap after
Heap after GC invocations=7 (full 1):
 PSYoungGen      total 76800K, used 0K [0x00000000e0000000, 0x00000000e5700000, 0x0000000100000000)
  eden space 66048K, 0% used [0x00000000e0000000,0x00000000e0000000,0x00000000e4080000)
  from space 10752K, 0% used [0x00000000e4b80000,0x00000000e4b80000,0x00000000e5600000)
  to   space 11264K, 0% used [0x00000000e4080000,0x00000000e4080000,0x00000000e4b80000)
 ParOldGen       total 62976K, used 9477K [0x00000000a0000000, 0x00000000a3d80000, 0x00000000e0000000)
  object space 62976K, 15% used [0x00000000a0000000,0x00000000a0941430,0x00000000a3d80000)
 Metaspace       used 20641K, capacity 21092K, committed 21296K, reserved 1067008K
  class space    used 2953K, capacity 3106K, committed 3200K, reserved 1048576K
}
Event: 4.855 GC heap before
{Heap before GC invocations=8 (full 1):
 PSYoungGen      total 76800K, used 66048K [0x00000000e0000000, 0x00000000e5700000, 0x0000000100000000)
  eden space 66048K, 100% used [0x00000000e0000000,0x00000000e4080000,0x00000000e4080000)
  from space 10752K, 0% used [0x00000000e4b80000,0x00000000e4b80000,0x00000000e5600000)
  to   space 11264K, 0% used [0x00000000e4080000,0x00000000e4080000,0x00000000e4b80000)
 ParOldGen       total 62976K, used 9477K [0x00000000a0000000, 0x00000000a3d80000, 0x00000000e0000000)
  object space 62976K, 15% used [0x00000000a0000000,0x00000000a0941430,0x00000000a3d80000)
 Metaspace       used 28730K, capacity 29286K, committed 29696K, reserved 1075200K
  class space    used 3870K, capacity 4016K, committed 4096K, reserved 1048576K
Event: 4.870 GC heap after
Heap after GC invocations=8 (full 1):
 PSYoungGen      total 77312K, used 7831K [0x00000000e0000000, 0x00000000e7780000, 0x0000000100000000)
  eden space 66048K, 0% used [0x00000000e0000000,0x00000000e0000000,0x00000000e4080000)
  from space 11264K, 69% used [0x00000000e4080000,0x00000000e4825d48,0x00000000e4b80000)
  to   space 11264K, 0% used [0x00000000e6c80000,0x00000000e6c80000,0x00000000e7780000)
 ParOldGen       total 62976K, used 9485K [0x00000000a0000000, 0x00000000a3d80000, 0x00000000e0000000)
  object space 62976K, 15% used [0x00000000a0000000,0x00000000a0943430,0x00000000a3d80000)
 Metaspace       used 28730K, capacity 29286K, committed 29696K, reserved 1075200K
  class space    used 3870K, capacity 4016K, committed 4096K, reserved 1048576K
}
Event: 5.432 GC heap before
{Heap before GC invocations=9 (full 1):
 PSYoungGen      total 77312K, used 73879K [0x00000000e0000000, 0x00000000e7780000, 0x0000000100000000)
  eden space 66048K, 100% used [0x00000000e0000000,0x00000000e4080000,0x00000000e4080000)
  from space 11264K, 69% used [0x00000000e4080000,0x00000000e4825d48,0x00000000e4b80000)
  to   space 11264K, 0% used [0x00000000e6c80000,0x00000000e6c80000,0x00000000e7780000)
 ParOldGen       total 62976K, used 9485K [0x00000000a0000000, 0x00000000a3d80000, 0x00000000e0000000)
  object space 62976K, 15% used [0x00000000a0000000,0x00000000a0943430,0x00000000a3d80000)
 Metaspace       used 31805K, capacity 32318K, committed 32512K, reserved 1077248K
  class space    used 4367K, capacity 4536K, committed 4608K, reserved 1048576K
Event: 5.442 GC heap after
Heap after GC invocations=9 (full 1):
 PSYoungGen      total 110080K, used 8296K [0x00000000e0000000, 0x00000000e7780000, 0x0000000100000000)
  eden space 98816K, 0% used [0x00000000e0000000,0x00000000e0000000,0x00000000e6080000)
  from space 11264K, 73% used [0x00000000e6c80000,0x00000000e749a3f0,0x00000000e7780000)
  to   space 11776K, 0% used [0x00000000e6080000,0x00000000e6080000,0x00000000e6c00000)
 ParOldGen       total 62976K, used 9493K [0x00000000a0000000, 0x00000000a3d80000, 0x00000000e0000000)
  object space 62976K, 15% used [0x00000000a0000000,0x00000000a0945430,0x00000000a3d80000)
 Metaspace       used 31805K, capacity 32318K, committed 32512K, reserved 1077248K
  class space    used 4367K, capacity 4536K, committed 4608K, reserved 1048576K
}
Event: 6.213 GC heap before
{Heap before GC invocations=10 (full 1):
 PSYoungGen      total 110080K, used 64784K [0x00000000e0000000, 0x00000000e7780000, 0x0000000100000000)
  eden space 98816K, 57% used [0x00000000e0000000,0x00000000e3729c98,0x00000000e6080000)
  from space 11264K, 73% used [0x00000000e6c80000,0x00000000e749a3f0,0x00000000e7780000)
  to   space 11776K, 0% used [0x00000000e6080000,0x00000000e6080000,0x00000000e6c00000)
 ParOldGen       total 62976K, used 9493K [0x00000000a0000000, 0x00000000a3d80000, 0x00000000e0000000)
  object space 62976K, 15% used [0x00000000a0000000,0x00000000a0945430,0x00000000a3d80000)
 Metaspace       used 34633K, capacity 35430K, committed 35496K, reserved 1079296K
  class space    used 4766K, capacity 4952K, committed 4992K, reserved 1048576K
Event: 6.231 GC heap after
Heap after GC invocations=10 (full 1):
 PSYoungGen      total 110592K, used 10302K [0x00000000e0000000, 0x00000000e9580000, 0x0000000100000000)
  eden space 98816K, 0% used [0x00000000e0000000,0x00000000e0000000,0x00000000e6080000)
  from space 11776K, 87% used [0x00000000e6080000,0x00000000e6a8fb90,0x00000000e6c00000)
  to   space 12288K, 0% used [0x00000000e8980000,0x00000000e8980000,0x00000000e9580000)
 ParOldGen       total 62976K, used 9501K [0x00000000a0000000, 0x00000000a3d80000, 0x00000000e0000000)
  object space 62976K, 15% used [0x00000000a0000000,0x00000000a0947430,0x00000000a3d80000)
 Metaspace       used 34633K, capacity 35430K, committed 35496K, reserved 1079296K
  class space    used 4766K, capacity 4952K, committed 4992K, reserved 1048576K
}
Event: 6.231 GC heap before
{Heap before GC invocations=11 (full 2):
 PSYoungGen      total 110592K, used 10302K [0x00000000e0000000, 0x00000000e9580000, 0x0000000100000000)
  eden space 98816K, 0% used [0x00000000e0000000,0x00000000e0000000,0x00000000e6080000)
  from space 11776K, 87% used [0x00000000e6080000,0x00000000e6a8fb90,0x00000000e6c00000)
  to   space 12288K, 0% used [0x00000000e8980000,0x00000000e8980000,0x00000000e9580000)
 ParOldGen       total 62976K, used 9501K [0x00000000a0000000, 0x00000000a3d80000, 0x00000000e0000000)
  object space 62976K, 15% used [0x00000000a0000000,0x00000000a0947430,0x00000000a3d80000)
 Metaspace       used 34633K, capacity 35430K, committed 35496K, reserved 1079296K
  class space    used 4766K, capacity 4952K, committed 4992K, reserved 1048576K
Event: 6.348 GC heap after
Heap after GC invocations=11 (full 2):
 PSYoungGen      total 110592K, used 0K [0x00000000e0000000, 0x00000000e9580000, 0x0000000100000000)
  eden space 98816K, 0% used [0x00000000e0000000,0x00000000e0000000,0x00000000e6080000)
  from space 11776K, 0% used [0x00000000e6080000,0x00000000e6080000,0x00000000e6c00000)
  to   space 12288K, 0% used [0x00000000e8980000,0x00000000e8980000,0x00000000e9580000)
 ParOldGen       total 101376K, used 17205K [0x00000000a0000000, 0x00000000a6300000, 0x00000000e0000000)
  object space 101376K, 16% used [0x00000000a0000000,0x00000000a10cd770,0x00000000a6300000)
 Metaspace       used 34627K, capacity 35412K, committed 35496K, reserved 1079296K
  class space    used 4764K, capacity 4949K, committed 4992K, reserved 1048576K
}

